<<<<<<< HEAD
Base path: C:/Program Files/Unity/Hub/Editor/2018.4.12f1/Editor/Data
Cmd: initializeCompiler
<<<<<<< HEAD
Cmd: disassembleShader
  api=4 insize=1206 outsize=2273 ok=1
=======
Cmd: compileComputeKernel
  api=4 insize=1435 outsize=585 ok=1
Cmd: compileComputeKernel
  api=4 insize=1526 outsize=349 ok=1
=======
Base path: C:/Program Files/Unity/Hub/Editor/2018.4.11f1/Editor/Data
>>>>>>> e92fc62c3e7de8164f7fbb3ec3be82399df94127
Cmd: initializeCompiler
Cmd: compileComputeKernel
  api=4 insize=1435 outsize=1561 ok=1
Cmd: initializeCompiler
>>>>>>> cc1b5c04d58e780782fc9034b27a5f787c8322d7
Cmd: initializeCompiler
Cmd: initializeCompiler
<<<<<<< HEAD
Cmd: initializeCompiler
Cmd: initializeCompiler
Cmd: initializeCompiler
Cmd: initializeCompiler
Cmd: initializeCompiler
Cmd: initializeCompiler
Cmd: initializeCompiler
Cmd: initializeCompiler
Cmd: initializeCompiler
Cmd: initializeCompiler
Cmd: initializeCompiler
Cmd: initializeCompiler
Cmd: initializeCompiler
Cmd: initializeCompiler
Cmd: initializeCompiler
Cmd: initializeCompiler
Cmd: initializeCompiler
Cmd: initializeCompiler
Cmd: initializeCompiler
Cmd: initializeCompiler
Cmd: initializeCompiler
Cmd: initializeCompiler
Cmd: initializeCompiler
Cmd: initializeCompiler
Cmd: initializeCompiler
Cmd: initializeCompiler
Cmd: initializeCompiler
Cmd: initializeCompiler
Cmd: initializeCompiler
Cmd: initializeCompiler
Cmd: initializeCompiler
Cmd: initializeCompiler
Cmd: initializeCompiler
Cmd: initializeCompiler
Cmd: initializeCompiler
Cmd: initializeCompiler
Cmd: initializeCompiler
Cmd: initializeCompiler
Cmd: initializeCompiler
Cmd: initializeCompiler
Cmd: initializeCompiler
Unhandled exception: Protocol error - unexpected end of data (did the Editor crash?)

Quitting shader compiler process
=======
Cmd: compileComputeKernel
  api=4 insize=12733 outsize=1053 ok=1
Cmd: compileComputeKernel
  api=4 insize=12733 outsize=1237 ok=1
Cmd: compileComputeKernel
  api=4 insize=12733 outsize=1357 ok=1
Cmd: compileComputeKernel
  api=4 insize=65748 outsize=4649 ok=1
Cmd: compileComputeKernel
  api=4 insize=24259 outsize=4121 ok=1
Cmd: compileComputeKernel
  api=4 insize=28420 outsize=1425 ok=1
Cmd: compileComputeKernel
  api=4 insize=28420 outsize=1457 ok=1
Cmd: compileComputeKernel
  api=4 insize=28420 outsize=1305 ok=1
Cmd: compileComputeKernel
  api=4 insize=28420 outsize=1337 ok=1
Cmd: compileComputeKernel
  api=4 insize=21203 outsize=713 ok=1
Cmd: compileComputeKernel
  api=4 insize=21203 outsize=1317 ok=1
Cmd: compileComputeKernel
  api=4 insize=21203 outsize=1377 ok=1
Cmd: compileComputeKernel
  api=4 insize=21203 outsize=1241 ok=1
>>>>>>> e92fc62c3e7de8164f7fbb3ec3be82399df94127
