<<<<<<< HEAD
Base path: C:/Program Files/Unity/Hub/Editor/2018.4.12f1/Editor/Data
Cmd: initializeCompiler
<<<<<<< HEAD
Cmd: disassembleShader
  api=4 insize=862 outsize=1796 ok=1
Cmd: initializeCompiler
Cmd: initializeCompiler
Cmd: initializeCompiler
Cmd: initializeCompiler
Cmd: initializeCompiler
Cmd: initializeCompiler
Cmd: initializeCompiler
Cmd: initializeCompiler
Cmd: initializeCompiler
Cmd: initializeCompiler
Cmd: initializeCompiler
Cmd: initializeCompiler
Cmd: initializeCompiler
Cmd: initializeCompiler
Cmd: initializeCompiler
Cmd: initializeCompiler
Cmd: initializeCompiler
Cmd: initializeCompiler
Cmd: initializeCompiler
Cmd: initializeCompiler
Cmd: initializeCompiler
Cmd: initializeCompiler
Cmd: initializeCompiler
Cmd: initializeCompiler
Cmd: initializeCompiler
Cmd: initializeCompiler
Cmd: initializeCompiler
Cmd: initializeCompiler
Cmd: initializeCompiler
Cmd: initializeCompiler
Cmd: initializeCompiler
Cmd: initializeCompiler
Cmd: initializeCompiler
Cmd: initializeCompiler
Cmd: initializeCompiler
Cmd: initializeCompiler
Cmd: initializeCompiler
Cmd: initializeCompiler
Cmd: initializeCompiler
Cmd: initializeCompiler
Cmd: initializeCompiler
Cmd: initializeCompiler
Cmd: initializeCompiler
Cmd: initializeCompiler
Unhandled exception: Protocol error - unexpected end of data (did the Editor crash?)

Quitting shader compiler process
=======
Cmd: compileComputeKernel
  api=4 insize=3273 outsize=1925 ok=1
Cmd: compileComputeKernel
  api=4 insize=2343 outsize=1341 ok=1
=======
Base path: C:/Program Files/Unity/Hub/Editor/2018.4.11f1/Editor/Data
Cmd: initializeCompiler
Cmd: compileComputeKernel
  api=4 insize=3273 outsize=593 ok=1
>>>>>>> cc1b5c04d58e780782fc9034b27a5f787c8322d7
Cmd: initializeCompiler
Cmd: initializeCompiler
Cmd: initializeCompiler
Cmd: compileComputeKernel
  api=4 insize=12733 outsize=1701 ok=1
Cmd: compileComputeKernel
  api=4 insize=24259 outsize=5577 ok=1
Cmd: compileComputeKernel
  api=4 insize=28420 outsize=1685 ok=1
Cmd: compileComputeKernel
  api=4 insize=28420 outsize=1365 ok=1
Cmd: compileComputeKernel
  api=4 insize=28420 outsize=1461 ok=1
Cmd: compileComputeKernel
  api=4 insize=28420 outsize=1857 ok=1
Cmd: compileComputeKernel
  api=4 insize=21203 outsize=813 ok=1
Cmd: compileComputeKernel
  api=4 insize=21203 outsize=1169 ok=1
Cmd: compileComputeKernel
  api=4 insize=21203 outsize=1365 ok=1
Cmd: compileComputeKernel
  api=4 insize=21203 outsize=1281 ok=1
>>>>>>> e92fc62c3e7de8164f7fbb3ec3be82399df94127
